\BOOKMARK [0][-]{chapter*.2}{\376\377\000A\000g\000r\000a\000d\000e\000c\000i\000m\000e\000n\000t\000o\000s}{}% 1
\BOOKMARK [0][-]{chapter*.3}{\376\377\000P\000r\000e\000f\000\341\000c\000i\000o}{}% 2
\BOOKMARK [0][-]{chapter.1}{\376\377\000S\000e\000q\000u\000\352\000n\000c\000i\000a\000s\000,\000\040\000S\000\351\000r\000i\000e\000s\000\040\000e\000\040\000C\000r\000i\000t\000\351\000r\000i\000o\000s\000\040\000d\000e\000\040\000C\000o\000n\000v\000e\000r\000g\000\352\000n\000c\000i\000a}{}% 3
\BOOKMARK [1][-]{section.1.1}{\376\377\000S\000e\000q\000u\000\352\000n\000c\000i\000a\000\040\000d\000e\000\040\000N\000\372\000m\000e\000r\000o\000s\000\040\000C\000o\000m\000p\000l\000e\000x\000o\000s}{chapter.1}% 4
\BOOKMARK [1][-]{section.1.2}{\376\377\000S\000e\000q\000u\000\352\000n\000c\000i\000a\000\040\000d\000e\000\040\000N\000\372\000m\000e\000r\000o\000s\000\040\000R\000e\000a\000i\000s}{chapter.1}% 5
\BOOKMARK [2][-]{subsection.1.2.1}{\376\377\000C\000o\000n\000v\000e\000r\000g\000\352\000n\000c\000i\000a\000\040\000d\000e\000\040\000S\000e\000q\000u\000\352\000n\000c\000i\000a\000s\000\040\000R\000e\000a\000i\000s}{section.1.2}% 6
\BOOKMARK [2][-]{subsection.1.2.2}{\376\377\000S\000e\000q\000u\000\352\000n\000c\000i\000a\000\040\000O\000s\000c\000i\000l\000a\000t\000\363\000r\000i\000a\000s}{section.1.2}% 7
\BOOKMARK [2][-]{subsection.1.2.3}{\376\377\000\301\000l\000g\000e\000b\000r\000a\000\040\000d\000a\000s\000\040\000S\000e\000q\000u\000\352\000n\000c\000i\000a\000s\000\040}{section.1.2}% 8
\BOOKMARK [2][-]{subsection.1.2.4}{\376\377\000S\000e\000q\000u\000\352\000n\000c\000i\000a\000s\000\040\000D\000i\000v\000e\000r\000g\000e\000n\000t\000e\000s\000\040\000a\000o\000\040\000I\000n\000f\000i\000n\000i\000t\000o}{section.1.2}% 9
\BOOKMARK [2][-]{subsection.1.2.5}{\376\377\000S\000e\000q\000u\000\352\000n\000c\000i\000a\000s\000\040\000M\000o\000n\000\363\000t\000o\000n\000a\000s\000\040\000e\000\040\000L\000i\000m\000i\000t\000a\000d\000a\000s}{section.1.2}% 10
\BOOKMARK [2][-]{subsection.1.2.6}{\376\377\000S\000u\000b\000s\000e\000q\000u\000\352\000n\000c\000i\000a\000s\000\040\000d\000e\000\040\000N\000\372\000m\000e\000r\000o\000s\000\040\000R\000e\000a\000i\000s}{section.1.2}% 11
\BOOKMARK [2][-]{subsection.1.2.7}{\376\377\000T\000e\000o\000r\000e\000m\000a\000\040\000d\000e\000\040\000B\000o\000l\000z\000a\000n\000o\000\040\000-\000\040\000W\000e\000i\000e\000r\000s\000t\000r\000a\000s\000s}{section.1.2}% 12
\BOOKMARK [2][-]{subsection.1.2.8}{\376\377\000S\000e\000q\000u\000\352\000n\000c\000i\000a\000s\000\040\000R\000e\000a\000i\000s\000\040\000d\000e\000\040\000C\000a\000u\000c\000h\000y}{section.1.2}% 13
\BOOKMARK [2][-]{subsection.1.2.9}{\376\377\000C\000r\000i\000t\000\351\000r\000i\000o\000s\000\040\000d\000e\000\040\000C\000o\000n\000v\000e\000r\000g\000\352\000n\000c\000i\000a}{section.1.2}% 14
\BOOKMARK [2][-]{subsection.1.2.10}{\376\377\000L\000i\000m\000i\000t\000e\000s\000\040\000d\000e\000\040\000S\000e\000q\000u\000\352\000n\000c\000i\000a\000\040\000e\000\040\000d\000e\000\040\000F\000u\000n\000\347\000\365\000e\000s}{section.1.2}% 15
\BOOKMARK [1][-]{section.1.3}{\376\377\000S\000\351\000r\000i\000e\000s\000\040\000d\000e\000\040\000N\000\372\000m\000e\000r\000o\000s\000\040\000C\000o\000m\000p\000l\000e\000x\000o\000s}{chapter.1}% 16
\BOOKMARK [1][-]{section.1.4}{\376\377\000S\000\351\000r\000i\000e\000s\000\040\000d\000e\000\040\000N\000\372\000m\000e\000r\000o\000s\000\040\000R\000e\000a\000i\000s}{chapter.1}% 17
\BOOKMARK [2][-]{subsection.1.4.1}{\376\377\000S\000\351\000r\000i\000e\000s\000\040\000d\000e\000\040\000T\000e\000r\000m\000o\000s\000\040\000N\000\343\000o\000\040\000N\000e\000g\000a\000t\000i\000v\000o\000s}{section.1.4}% 18
\BOOKMARK [2][-]{subsection.1.4.2}{\376\377\000S\000\351\000r\000i\000e\000\040\000G\000e\000o\000m\000\351\000t\000r\000i\000c\000a}{section.1.4}% 19
\BOOKMARK [2][-]{subsection.1.4.3}{\376\377\000S\000\351\000r\000i\000e\000\040\000A\000r\000i\000t\000m\000\351\000t\000i\000c\000a}{section.1.4}% 20
\BOOKMARK [2][-]{subsection.1.4.4}{\376\377\000S\000\351\000r\000i\000e\000\040\000H\000a\000r\000m\000\364\000n\000i\000c\000a}{section.1.4}% 21
\BOOKMARK [2][-]{subsection.1.4.5}{\376\377\000C\000r\000i\000t\000\351\000r\000i\000o\000s\000\040\000d\000e\000\040\000C\000o\000n\000v\000e\000r\000g\000\352\000n\000c\000i\000a\000\040\000d\000e\000\040\000S\000\351\000r\000i\000e\000s\000\040\000R\000e\000a\000i\000s}{section.1.4}% 22
\BOOKMARK [1][-]{section.1.5}{\376\377\000C\000o\000n\000v\000e\000r\000g\000\352\000n\000c\000i\000a\000\040\000A\000b\000s\000o\000l\000u\000t\000a}{chapter.1}% 23
\BOOKMARK [1][-]{section.1.6}{\376\377\000S\000\351\000r\000i\000e\000s\000\040\000A\000l\000t\000e\000r\000n\000a\000d\000a\000s\000,\000\040\000C\000r\000i\000t\000\351\000r\000i\000o\000s}{chapter.1}% 24
\BOOKMARK [1][-]{section.1.7}{\376\377\000C\000r\000i\000t\000\351\000r\000i\000o\000\040\000d\000e\000\040\000C\000o\000n\000v\000e\000r\000g\000\352\000n\000c\000i\000a\000\040\000d\000e\000\040\000S\000\351\000r\000i\000e\000s\000\040\000C\000o\000m\000p\000l\000e\000x\000a\000s}{chapter.1}% 25
\BOOKMARK [1][-]{section.1.8}{\376\377\000S\000\351\000r\000i\000e\000s\000\040\000d\000e\000\040\000P\000o\000t\000\352\000n\000c\000i\000a\000s\000\040}{chapter.1}% 26
\BOOKMARK [2][-]{subsection.1.8.1}{\376\377\000R\000a\000i\000o\000\040\000d\000e\000\040\000C\000o\000n\000v\000e\000r\000g\000\352\000n\000c\000i\000a}{section.1.8}% 27
\BOOKMARK [1][-]{section.1.9}{\376\377\000F\000u\000n\000\347\000\365\000e\000s\000\040\000R\000e\000p\000r\000e\000s\000e\000n\000t\000a\000d\000a\000s\000\040\000p\000o\000r\000\040\000S\000\351\000r\000i\000e\000s\000\040\000d\000e\000\040\000P\000o\000t\000\352\000n\000c\000i\000a\000s}{chapter.1}% 28
\BOOKMARK [2][-]{subsection.1.9.1}{\376\377\000S\000\351\000r\000i\000e\000s\000\040\000d\000e\000\040\000P\000o\000t\000\352\000n\000c\000i\000a\000s\000\040\000R\000e\000p\000r\000e\000s\000e\000n\000t\000a\000m\000\040\000F\000u\000n\000\347\000\365\000e\000s\000\040\000A\000n\000a\000l\000\355\000t\000i\000c\000a\000s}{section.1.9}% 29
\BOOKMARK [1][-]{section.1.10}{\376\377\000S\000\351\000r\000i\000e\000\040\000d\000e\000\040\000T\000a\000y\000l\000o\000r}{chapter.1}% 30
\BOOKMARK [2][-]{subsection.1.10.1}{\376\377\000S\000\351\000r\000i\000e\000s\000\040\000d\000e\000\040\000T\000a\000y\000l\000o\000r\000\040\000d\000a\000s\000\040\000F\000u\000n\000\347\000\365\000e\000s\000\040\000E\000l\000e\000m\000e\000n\000t\000a\000r\000e\000s}{section.1.10}% 31
\BOOKMARK [1][-]{section.1.11}{\376\377\000M\000\351\000t\000o\000d\000o\000s\000\040\000p\000a\000r\000a\000\040\000O\000b\000t\000e\000n\000\347\000\343\000o\000\040\000d\000e\000\040\000S\000\351\000r\000i\000e\000s\000\040\000d\000e\000\040\000P\000o\000t\000\352\000n\000c\000i\000a\000s}{chapter.1}% 32
\BOOKMARK [1][-]{section.1.12}{\376\377\000C\000o\000n\000v\000e\000r\000g\000\352\000n\000c\000i\000a\000\040\000U\000n\000i\000f\000o\000r\000m\000e}{chapter.1}% 33
\BOOKMARK [1][-]{section.1.13}{\376\377\000S\000\351\000r\000i\000e\000s\000\040\000d\000e\000\040\000L\000a\000u\000r\000e\000n\000t}{chapter.1}% 34
\BOOKMARK [1][-]{section.1.14}{\376\377\000C\000o\000m\000p\000o\000r\000t\000a\000m\000e\000n\000t\000o\000\040\000d\000e\000\040\000F\000u\000n\000\347\000\365\000e\000s\000\040\000n\000o\000\040\000I\000n\000f\000i\000n\000i\000t\000o}{chapter.1}% 35
\BOOKMARK [0][-]{chapter.2}{\376\377\000S\000e\000q\000u\000\352\000n\000c\000i\000a\000s\000\040\000e\000\040\000S\000\351\000r\000i\000e\000s\000\040\000d\000e\000\040\000F\000u\000n\000\347\000\365\000e\000s}{}% 36
\BOOKMARK [1][-]{section.2.1}{\376\377\000S\000e\000q\000u\000\352\000n\000c\000i\000a\000\040\000d\000e\000\040\000F\000u\000n\000\347\000\365\000e\000s\000:\000\040\000C\000o\000n\000v\000e\000r\000g\000\352\000n\000c\000i\000a\000\040\000P\000o\000n\000t\000u\000a\000l}{chapter.2}% 37
\BOOKMARK [1][-]{section.2.2}{\376\377\000S\000e\000q\000u\000\352\000n\000c\000i\000a\000\040\000d\000e\000\040\000F\000u\000n\000\347\000\365\000e\000s\000:\000\040\000C\000o\000n\000v\000e\000r\000g\000\352\000n\000c\000i\000a\000\040\000U\000n\000i\000f\000o\000r\000m\000e}{chapter.2}% 38
\BOOKMARK [1][-]{section.2.3}{\376\377\000S\000\351\000r\000i\000e\000s\000\040\000d\000e\000\040\000F\000u\000n\000\347\000\365\000e\000s}{chapter.2}% 39
\BOOKMARK [1][-]{section.2.4}{\376\377\000S\000\351\000r\000i\000e\000s\000\040\000d\000e\000\040\000P\000o\000t\000\352\000n\000c\000i\000a\000s}{chapter.2}% 40
\BOOKMARK [1][-]{section.2.5}{\376\377\000P\000o\000l\000i\000n\000\364\000m\000i\000o\000s\000\040\000e\000\040\000S\000\351\000r\000i\000e\000s\000\040\000d\000e\000\040\000T\000a\000y\000l\000o\000r}{chapter.2}% 41
\BOOKMARK [2][-]{subsection.2.5.1}{\376\377\000A\000p\000r\000o\000x\000i\000m\000a\000\347\000\343\000o\000\040\000p\000o\000r\000\040\000P\000o\000l\000i\000n\000\364\000m\000i\000o\000s}{section.2.5}% 42
\BOOKMARK [1][-]{section.2.6}{\376\377\000S\000\351\000r\000i\000e\000\040\000B\000i\000n\000o\000m\000i\000a\000l}{chapter.2}% 43
\BOOKMARK [0][-]{chapter.3}{\376\377\000F\000u\000n\000\347\000\365\000e\000s\000\040\000a\000\040\000V\000a\000l\000o\000r\000e\000s\000\040\000V\000e\000t\000o\000r\000i\000a\000i\000s}{}% 44
\BOOKMARK [1][-]{section.3.1}{\376\377\000C\000\341\000l\000c\000u\000l\000o\000\040\000c\000o\000m\000\040\000F\000u\000n\000\347\000\365\000e\000s\000\040\000V\000e\000t\000o\000r\000i\000a\000i\000s}{chapter.3}% 45
\BOOKMARK [1][-]{section.3.2}{\376\377\000C\000o\000m\000p\000r\000i\000m\000e\000n\000t\000o\000\040\000d\000e\000\040\000A\000r\000c\000o}{chapter.3}% 46
\BOOKMARK [2][-]{subsection.3.2.1}{\376\377\000D\000e\000r\000i\000v\000a\000d\000a\000s\000\040\000d\000e\000\040\000u\000m\000\040\000v\000e\000t\000o\000r\000\040\000e\000m\000\040\000r\000e\000l\000a\000\347\000\343\000o\000\040\000a\000o\000\040\000c\000o\000m\000p\000r\000i\000m\000e\000n\000t\000o\000\040\000d\000o\000\040\000a\000r\000c\000o\000\040\000d\000e\000\040\000u\000m\000a\000\040\000C\000u\000r\000v\000a}{section.3.2}% 47
\BOOKMARK [2][-]{subsection.3.2.2}{\376\377\000A\000\040\000c\000u\000r\000v\000a\000t\000u\000r\000a\000\040\000d\000e\000\040\000u\000m\000a\000\040\000C\000u\000r\000v\000a}{section.3.2}% 48
\BOOKMARK [0][-]{chapter.4}{\376\377\000F\000u\000n\000\347\000\365\000e\000s\000\040\000R\000e\000a\000i\000s\000\040\000d\000e\000\040\000V\000\341\000r\000i\000a\000s\000\040\000V\000a\000r\000i\000\341\000v\000e\000i\000s}{}% 49
\BOOKMARK [1][-]{section.4.1}{\376\377\000D\000e\000r\000i\000v\000a\000d\000a\000s\000\040\000D\000i\000r\000e\000c\000i\000o\000n\000a\000i\000s\000\040\000e\000\040\000V\000e\000t\000o\000r\000\040\000G\000r\000a\000d\000i\000e\000n\000t\000e}{chapter.4}% 50
\BOOKMARK [2][-]{subsection.4.1.1}{\376\377\000D\000e\000r\000i\000v\000a\000d\000a\000s\000\040\000D\000i\000r\000e\000c\000i\000o\000n\000a\000i\000s\000\040\000n\000o\000\040\000P\000l\000a\000n\000o}{section.4.1}% 51
\BOOKMARK [2][-]{subsection.4.1.2}{\376\377\000I\000n\000t\000e\000r\000p\000r\000e\000t\000a\000\347\000\343\000o\000\040\000G\000e\000o\000m\000\351\000t\000r\000i\000c\000a}{section.4.1}% 52
\BOOKMARK [2][-]{subsection.4.1.3}{\376\377\000C\000\341\000l\000c\000u\000l\000o\000s\000\040\000c\000o\000m\000\040\000D\000e\000r\000i\000v\000a\000d\000a\000s\000\040\000D\000i\000r\000e\000c\000i\000o\000n\000a\000i\000s}{section.4.1}% 53
\BOOKMARK [2][-]{subsection.4.1.4}{\376\377\000C\000\341\000l\000c\000u\000l\000o\000s\000\040\000e\000\040\000G\000r\000a\000d\000i\000e\000n\000t\000e\000s}{section.4.1}% 54
\BOOKMARK [2][-]{subsection.4.1.5}{\376\377\000P\000r\000o\000p\000r\000i\000e\000d\000a\000d\000e\000s\000\040\000d\000a\000\040\000D\000e\000r\000i\000v\000a\000d\000a\000\040\000D\000i\000r\000e\000c\000i\000o\000n\000a\000l}{section.4.1}% 55
\BOOKMARK [2][-]{subsection.4.1.6}{\376\377\000P\000r\000o\000p\000r\000i\000e\000d\000a\000d\000e\000s\000\040\000A\000l\000g\000\351\000b\000r\000i\000c\000a\000s\000\040\000d\000o\000\040\000V\000e\000t\000o\000r\000\040\000G\000r\000a\000d\000i\000e\000n\000t\000e}{section.4.1}% 56
\BOOKMARK [2][-]{subsection.4.1.7}{\376\377\000F\000u\000n\000\347\000\365\000e\000s\000\040\000R\000e\000a\000i\000s\000\040\000d\000e\000\040\000T\000r\000\352\000s\000\040\000V\000a\000r\000i\000\341\000v\000e\000i\000s}{section.4.1}% 57
\BOOKMARK [1][-]{section.4.2}{\376\377\000C\000a\000m\000p\000o\000s\000\040\000V\000e\000t\000o\000r\000i\000a\000i\000s}{chapter.4}% 58
\BOOKMARK [1][-]{section.4.3}{\376\377\000O\000p\000e\000r\000a\000\347\000\365\000e\000s\000\040\000d\000e\000\040\000D\000i\000v\000e\000r\000g\000\352\000n\000c\000i\000a\000\040\000e\000\040\000R\000o\000t\000a\000c\000i\000o\000n\000a\000l}{chapter.4}% 59
\BOOKMARK [1][-]{section.4.4}{\376\377\000O\000\040\000R\000o\000t\000a\000c\000i\000o\000n\000a\000l\000\040\000d\000e\000\040\000u\000m\000\040\000C\000a\000m\000p\000o\000\040\000V\000e\000t\000o\000r\000i\000a\000l}{chapter.4}% 60
\BOOKMARK [1][-]{section.4.5}{\376\377\000O\000\040\000O\000p\000e\000r\000a\000d\000o\000r\000\040\000L\000a\000p\000l\000a\000c\000i\000a\000n\000o}{chapter.4}% 61
\BOOKMARK [0][-]{chapter.5}{\376\377\000F\000u\000n\000\347\000\365\000e\000s\000\040\000R\000e\000a\000i\000s\000\040\000d\000e\000\040\000V\000\341\000r\000i\000a\000s\000\040\000V\000a\000r\000i\000\341\000v\000e\000i\000s}{}% 62
\BOOKMARK [1][-]{subsection.5.0.1}{\376\377\000N\000o\000t\000a\000\347\000\365\000e\000s\000\040\000e\000\040\000N\000o\000m\000e\000n\000c\000l\000a\000t\000u\000r\000a}{chapter.5}% 63
\BOOKMARK [2][-]{subsection.5.0.2}{\376\377\000E\000s\000b\000o\000\347\000o\000s\000\040\000d\000e\000\040\000G\000r\000\341\000f\000i\000c\000o\000s\000\040\000e\000\040\000C\000u\000r\000v\000a\000s\000\040\000d\000e\000\040\000N\000\355\000v\000e\000l}{subsection.5.0.1}% 64
\BOOKMARK [1][-]{section.5.1}{\376\377\000C\000o\000n\000j\000u\000n\000t\000o\000s\000\040\000d\000e\000\040\000N\000\355\000v\000e\000l}{chapter.5}% 65
\BOOKMARK [0][-]{appendix.A}{\376\377\000N\000o\000\347\000\365\000e\000s\000\040\000E\000l\000e\000m\000e\000n\000t\000a\000r\000e\000s\000\040\000d\000e\000\040\000C\000\341\000l\000c\000u\000l\000o}{}% 66
\BOOKMARK [1][-]{section.A.1}{\376\377\000P\000r\000e\000l\000i\000m\000i\000n\000a\000r\000e\000s}{appendix.A}% 67
\BOOKMARK [1][-]{section.A.2}{\376\377\000P\000r\000o\000p\000r\000i\000e\000d\000a\000d\000e\000s\000\040\000d\000a\000s\000\040\000F\000u\000n\000\347\000\365\000e\000s\000\040\000E\000l\000e\000m\000e\000n\000t\000a\000r\000e\000s}{appendix.A}% 68
\BOOKMARK [0][-]{appendix.B}{\376\377\000F\000u\000n\000\347\000\365\000e\000s\000\040\000D\000e\000f\000i\000n\000i\000d\000a\000s\000\040\000p\000o\000r\000\040\000I\000n\000t\000e\000g\000r\000a\000i\000s}{}% 69
\BOOKMARK [1][-]{section.B.1}{\376\377\000A\000p\000l\000i\000c\000a\000\347\000\365\000e\000s}{appendix.B}% 70
\BOOKMARK [0][-]{equation.B.5}{\376\377\000B\000i\000b\000l\000i\000o\000g\000r\000a\000f\000i\000a}{}% 71
